<?xml version="1.0" encoding="utf-8"?>
<coverage line-rate="0.9217" branch-rate="0.8571" version="1.9" timestamp="1767284342" lines-covered="318" lines-valid="345" branches-covered="60" branches-valid="70">
  <sources>
    <source>/Users/selcuk/UnionGenerator/src/UnionGenerator/UnionGenerator/</source>
  </sources>
  <packages>
    <package name="UnionGenerator" line-rate="0.9217" branch-rate="0.8571" complexity="76">
      <classes>
        <class name="UnionGenerator.UnionGenerator" filename="UnionGenerator.cs" line-rate="0.9166" branch-rate="0.8484" complexity="68">
          <methods>
            <method name="Initialize" signature="(Microsoft.CodeAnalysis.GeneratorInitializationContext)" line-rate="1" branch-rate="1" complexity="1">
              <lines>
                <line number="22" hits="24" branch="False" />
                <line number="23" hits="48" branch="False" />
                <line number="24" hits="24" branch="False" />
              </lines>
            </method>
            <method name="Execute" signature="(Microsoft.CodeAnalysis.GeneratorExecutionContext)" line-rate="0.6046" branch-rate="0.625" complexity="8">
              <lines>
                <line number="30" hits="24" branch="False" />
                <line number="32" hits="24" branch="False" />
                <line number="33" hits="24" branch="False" />
                <line number="34" hits="24" branch="False" />
                <line number="35" hits="24" branch="False" />
                <line number="36" hits="24" branch="False" />
                <line number="37" hits="24" branch="False" />
                <line number="38" hits="24" branch="False" />
                <line number="39" hits="24" branch="False" />
                <line number="40" hits="24" branch="False" />
                <line number="41" hits="24" branch="False" />
                <line number="43" hits="24" branch="True" condition-coverage="50% (1/2)">
                  <conditions>
                    <condition number="52" type="jump" coverage="50%" />
                  </conditions>
                </line>
                <line number="44" hits="0" branch="False" />
                <line number="45" hits="0" branch="False" />
                <line number="48" hits="120" branch="True" condition-coverage="100% (2/2)">
                  <conditions>
                    <condition number="324" type="jump" coverage="100%" />
                  </conditions>
                </line>
                <line number="49" hits="24" branch="False" />
                <line number="51" hits="24" branch="False" />
                <line number="52" hits="24" branch="False" />
                <line number="53" hits="24" branch="False" />
                <line number="55" hits="24" branch="True" condition-coverage="50% (1/2)">
                  <conditions>
                    <condition number="138" type="jump" coverage="50%" />
                  </conditions>
                </line>
                <line number="56" hits="0" branch="False" />
                <line number="57" hits="0" branch="False" />
                <line number="61" hits="24" branch="False" />
                <line number="63" hits="24" branch="True" condition-coverage="50% (1/2)">
                  <conditions>
                    <condition number="172" type="jump" coverage="50%" />
                  </conditions>
                </line>
                <line number="64" hits="0" branch="False" />
                <line number="66" hits="0" branch="False" />
                <line number="70" hits="24" branch="False" />
                <line number="73" hits="24" branch="False" />
                <line number="74" hits="24" branch="False" />
                <line number="75" hits="24" branch="False" />
                <line number="76" hits="0" branch="False" />
                <line number="77" hits="0" branch="False" />
                <line number="79" hits="0" branch="False" />
                <line number="80" hits="0" branch="False" />
                <line number="81" hits="0" branch="False" />
                <line number="82" hits="0" branch="False" />
                <line number="83" hits="0" branch="False" />
                <line number="84" hits="0" branch="False" />
                <line number="85" hits="0" branch="False" />
                <line number="87" hits="0" branch="False" />
                <line number="88" hits="0" branch="False" />
                <line number="89" hits="24" branch="False" />
                <line number="90" hits="24" branch="False" />
              </lines>
            </method>
            <method name="AnalyzeUnionCases" signature="(Microsoft.CodeAnalysis.INamedTypeSymbol,Microsoft.CodeAnalysis.SemanticModel)" line-rate="0.9309999999999999" branch-rate="0.9" complexity="10">
              <lines>
                <line number="96" hits="24" branch="False" />
                <line number="97" hits="24" branch="False" />
                <line number="100" hits="24" branch="False" />
                <line number="101" hits="24" branch="False" />
                <line number="102" hits="96" branch="True" condition-coverage="100% (4/4)">
                  <conditions>
                    <condition number="6" type="jump" coverage="100%" />
                    <condition number="30" type="jump" coverage="100%" />
                  </conditions>
                </line>
                <line number="103" hits="96" branch="False" />
                <line number="104" hits="96" branch="False" />
                <line number="106" hits="168" branch="True" condition-coverage="100% (2/2)">
                  <conditions>
                    <condition number="249" type="jump" coverage="100%" />
                  </conditions>
                </line>
                <line number="107" hits="48" branch="False" />
                <line number="109" hits="48" branch="True" condition-coverage="50% (1/2)">
                  <conditions>
                    <condition number="104" type="jump" coverage="50%" />
                  </conditions>
                </line>
                <line number="110" hits="0" branch="False" />
                <line number="111" hits="0" branch="False" />
                <line number="114" hits="48" branch="False" />
                <line number="115" hits="48" branch="False" />
                <line number="116" hits="48" branch="False" />
                <line number="118" hits="48" branch="True" condition-coverage="100% (2/2)">
                  <conditions>
                    <condition number="150" type="jump" coverage="100%" />
                  </conditions>
                </line>
                <line number="119" hits="45" branch="False" />
                <line number="120" hits="45" branch="False" />
                <line number="121" hits="45" branch="False" />
                <line number="122" hits="45" branch="False" />
                <line number="124" hits="48" branch="False" />
                <line number="125" hits="48" branch="False" />
                <line number="126" hits="48" branch="False" />
                <line number="127" hits="48" branch="False" />
                <line number="128" hits="48" branch="False" />
                <line number="129" hits="48" branch="False" />
                <line number="130" hits="48" branch="False" />
                <line number="132" hits="24" branch="False" />
                <line number="133" hits="24" branch="False" />
              </lines>
            </method>
            <method name="GenerateUnionCode" signature="(Microsoft.CodeAnalysis.INamedTypeSymbol,System.Collections.Generic.List`1&lt;UnionGenerator.UnionCase&gt;)" line-rate="0.9209999999999999" branch-rate="0.875" complexity="8">
              <lines>
                <line number="139" hits="24" branch="False" />
                <line number="140" hits="24" branch="False" />
                <line number="141" hits="24" branch="False" />
                <line number="142" hits="24" branch="False" />
                <line number="143" hits="24" branch="False" />
                <line number="146" hits="24" branch="False" />
                <line number="147" hits="24" branch="False" />
                <line number="150" hits="24" branch="True" condition-coverage="100% (2/2)">
                  <conditions>
                    <condition number="66" type="jump" coverage="100%" />
                  </conditions>
                </line>
                <line number="151" hits="24" branch="False" />
                <line number="152" hits="24" branch="False" />
                <line number="153" hits="24" branch="False" />
                <line number="154" hits="24" branch="False" />
                <line number="157" hits="24" branch="True" condition-coverage="50% (1/2)">
                  <conditions>
                    <condition number="114" type="jump" coverage="50%" />
                  </conditions>
                </line>
                <line number="158" hits="24" branch="False" />
                <line number="159" hits="69" branch="False" />
                <line number="160" hits="24" branch="False" />
                <line number="161" hits="24" branch="False" />
                <line number="163" hits="0" branch="False" />
                <line number="164" hits="0" branch="False" />
                <line number="165" hits="0" branch="False" />
                <line number="167" hits="24" branch="False" />
                <line number="170" hits="168" branch="True" condition-coverage="100% (2/2)">
                  <conditions>
                    <condition number="293" type="jump" coverage="100%" />
                  </conditions>
                </line>
                <line number="171" hits="48" branch="False" />
                <line number="172" hits="48" branch="False" />
                <line number="173" hits="48" branch="False" />
                <line number="176" hits="24" branch="False" />
                <line number="179" hits="24" branch="False" />
                <line number="182" hits="24" branch="False" />
                <line number="185" hits="24" branch="False" />
                <line number="188" hits="24" branch="False" />
                <line number="191" hits="24" branch="False" />
                <line number="193" hits="24" branch="False" />
                <line number="195" hits="24" branch="True" condition-coverage="100% (2/2)">
                  <conditions>
                    <condition number="395" type="jump" coverage="100%" />
                  </conditions>
                </line>
                <line number="196" hits="24" branch="False" />
                <line number="197" hits="24" branch="False" />
                <line number="198" hits="24" branch="False" />
                <line number="200" hits="24" branch="False" />
                <line number="201" hits="24" branch="False" />
              </lines>
            </method>
            <method name="GenerateCaseClass" signature="(System.Text.StringBuilder,Microsoft.CodeAnalysis.INamedTypeSymbol,UnionGenerator.UnionCase,System.Collections.Immutable.ImmutableArray`1&lt;Microsoft.CodeAnalysis.ITypeParameterSymbol&gt;)" line-rate="0.8965000000000001" branch-rate="0.75" complexity="4">
              <lines>
                <line number="211" hits="48" branch="False" />
                <line number="212" hits="48" branch="False" />
                <line number="216" hits="48" branch="True" condition-coverage="50% (1/2)">
                  <conditions>
                    <condition number="30" type="jump" coverage="50%" />
                  </conditions>
                </line>
                <line number="217" hits="48" branch="False" />
                <line number="218" hits="138" branch="False" />
                <line number="219" hits="48" branch="False" />
                <line number="220" hits="48" branch="False" />
                <line number="222" hits="0" branch="False" />
                <line number="223" hits="0" branch="False" />
                <line number="224" hits="0" branch="False" />
                <line number="226" hits="48" branch="False" />
                <line number="228" hits="48" branch="True" condition-coverage="100% (2/2)">
                  <conditions>
                    <condition number="206" type="jump" coverage="100%" />
                  </conditions>
                </line>
                <line number="229" hits="45" branch="False" />
                <line number="231" hits="45" branch="False" />
                <line number="232" hits="45" branch="False" />
                <line number="233" hits="45" branch="False" />
                <line number="236" hits="45" branch="False" />
                <line number="237" hits="45" branch="False" />
                <line number="238" hits="45" branch="False" />
                <line number="239" hits="45" branch="False" />
                <line number="240" hits="45" branch="False" />
                <line number="242" hits="3" branch="False" />
                <line number="244" hits="3" branch="False" />
                <line number="245" hits="3" branch="False" />
                <line number="246" hits="3" branch="False" />
                <line number="247" hits="3" branch="False" />
                <line number="249" hits="48" branch="False" />
                <line number="250" hits="48" branch="False" />
                <line number="251" hits="48" branch="False" />
              </lines>
            </method>
            <method name="GeneratePatternMatchingProperties" signature="(System.Text.StringBuilder,System.Collections.Generic.List`1&lt;UnionGenerator.UnionCase&gt;)" line-rate="1" branch-rate="1" complexity="2">
              <lines>
                <line number="257" hits="24" branch="False" />
                <line number="258" hits="168" branch="True" condition-coverage="100% (2/2)">
                  <conditions>
                    <condition number="112" type="jump" coverage="100%" />
                  </conditions>
                </line>
                <line number="259" hits="48" branch="False" />
                <line number="260" hits="48" branch="False" />
                <line number="261" hits="48" branch="False" />
                <line number="263" hits="48" branch="False" />
                <line number="264" hits="48" branch="False" />
                <line number="265" hits="24" branch="False" />
              </lines>
            </method>
            <method name="GenerateValueProperties" signature="(System.Text.StringBuilder,System.Collections.Generic.List`1&lt;UnionGenerator.UnionCase&gt;,System.Collections.Immutable.ImmutableArray`1&lt;Microsoft.CodeAnalysis.ITypeParameterSymbol&gt;)" line-rate="1" branch-rate="0.8" complexity="10">
              <lines>
                <line number="275" hits="24" branch="False" />
                <line number="277" hits="24" branch="True" condition-coverage="100% (2/2)">
                  <conditions>
                    <condition number="12" type="jump" coverage="100%" />
                  </conditions>
                </line>
                <line number="278" hits="24" branch="False" />
                <line number="279" hits="24" branch="False" />
                <line number="280" hits="24" branch="False" />
                <line number="283" hits="24" branch="True" condition-coverage="100% (2/2)">
                  <conditions>
                    <condition number="45" type="jump" coverage="100%" />
                  </conditions>
                </line>
                <line number="284" hits="24" branch="False" />
                <line number="285" hits="24" branch="False" />
                <line number="286" hits="24" branch="False" />
                <line number="289" hits="24" branch="True" condition-coverage="50% (1/2)">
                  <conditions>
                    <condition number="94" type="jump" coverage="50%" />
                  </conditions>
                </line>
                <line number="290" hits="24" branch="False" />
                <line number="291" hits="24" branch="False" />
                <line number="293" hits="24" branch="False" />
                <line number="294" hits="24" branch="False" />
                <line number="295" hits="24" branch="False" />
                <line number="296" hits="24" branch="False" />
                <line number="297" hits="24" branch="False" />
                <line number="298" hits="24" branch="False" />
                <line number="299" hits="24" branch="False" />
                <line number="300" hits="24" branch="False" />
                <line number="301" hits="24" branch="False" />
                <line number="304" hits="24" branch="True" condition-coverage="100% (2/2)">
                  <conditions>
                    <condition number="271" type="jump" coverage="100%" />
                  </conditions>
                </line>
                <line number="305" hits="21" branch="False" />
                <line number="306" hits="21" branch="False" />
                <line number="307" hits="21" branch="False" />
                <line number="310" hits="21" branch="True" condition-coverage="50% (1/2)">
                  <conditions>
                    <condition number="320" type="jump" coverage="50%" />
                  </conditions>
                </line>
                <line number="311" hits="21" branch="False" />
                <line number="312" hits="21" branch="False" />
                <line number="315" hits="21" branch="False" />
                <line number="316" hits="21" branch="False" />
                <line number="317" hits="21" branch="False" />
                <line number="318" hits="21" branch="False" />
                <line number="319" hits="21" branch="False" />
                <line number="320" hits="21" branch="False" />
                <line number="321" hits="21" branch="False" />
                <line number="322" hits="21" branch="False" />
                <line number="323" hits="21" branch="False" />
                <line number="324" hits="21" branch="False" />
                <line number="325" hits="24" branch="False" />
                <line number="326" hits="24" branch="False" />
              </lines>
            </method>
            <method name="GenerateMatchMethod" signature="(System.Text.StringBuilder,System.Collections.Generic.List`1&lt;UnionGenerator.UnionCase&gt;,System.Collections.Immutable.ImmutableArray`1&lt;Microsoft.CodeAnalysis.ITypeParameterSymbol&gt;)" line-rate="0.9534" branch-rate="0.9" complexity="10">
              <lines>
                <line number="335" hits="24" branch="False" />
                <line number="336" hits="24" branch="True" condition-coverage="50% (1/2)">
                  <conditions>
                    <condition number="12" type="jump" coverage="50%" />
                  </conditions>
                </line>
                <line number="337" hits="0" branch="False" />
                <line number="338" hits="0" branch="False" />
                <line number="342" hits="24" branch="False" />
                <line number="345" hits="24" branch="False" />
                <line number="346" hits="168" branch="True" condition-coverage="100% (2/2)">
                  <conditions>
                    <condition number="171" type="jump" coverage="100%" />
                  </conditions>
                </line>
                <line number="347" hits="48" branch="False" />
                <line number="348" hits="48" branch="True" condition-coverage="100% (2/2)">
                  <conditions>
                    <condition number="70" type="jump" coverage="100%" />
                  </conditions>
                </line>
                <line number="349" hits="45" branch="False" />
                <line number="350" hits="45" branch="False" />
                <line number="351" hits="45" branch="False" />
                <line number="352" hits="45" branch="False" />
                <line number="353" hits="45" branch="False" />
                <line number="355" hits="3" branch="False" />
                <line number="356" hits="3" branch="False" />
                <line number="357" hits="3" branch="False" />
                <line number="358" hits="3" branch="False" />
                <line number="359" hits="48" branch="False" />
                <line number="361" hits="24" branch="False" />
                <line number="362" hits="24" branch="False" />
                <line number="363" hits="24" branch="False" />
                <line number="366" hits="168" branch="True" condition-coverage="100% (2/2)">
                  <conditions>
                    <condition number="522" type="jump" coverage="100%" />
                  </conditions>
                </line>
                <line number="367" hits="48" branch="False" />
                <line number="368" hits="48" branch="False" />
                <line number="369" hits="48" branch="False" />
                <line number="371" hits="48" branch="True" condition-coverage="100% (2/2)">
                  <conditions>
                    <condition number="303" type="jump" coverage="100%" />
                  </conditions>
                </line>
                <line number="372" hits="45" branch="False" />
                <line number="373" hits="45" branch="False" />
                <line number="374" hits="45" branch="False" />
                <line number="375" hits="45" branch="False" />
                <line number="376" hits="45" branch="False" />
                <line number="377" hits="45" branch="False" />
                <line number="379" hits="3" branch="False" />
                <line number="380" hits="3" branch="False" />
                <line number="381" hits="3" branch="False" />
                <line number="382" hits="3" branch="False" />
                <line number="383" hits="3" branch="False" />
                <line number="384" hits="3" branch="False" />
                <line number="385" hits="48" branch="False" />
                <line number="387" hits="24" branch="False" />
                <line number="388" hits="24" branch="False" />
                <line number="389" hits="24" branch="False" />
              </lines>
            </method>
            <method name="GenerateEqualityMethods" signature="(System.Text.StringBuilder,System.String,System.Collections.Generic.List`1&lt;UnionGenerator.UnionCase&gt;,System.Collections.Immutable.ImmutableArray`1&lt;Microsoft.CodeAnalysis.ITypeParameterSymbol&gt;)" line-rate="1" branch-rate="0.8332999999999999" complexity="6">
              <lines>
                <line number="399" hits="24" branch="False" />
                <line number="400" hits="24" branch="True" condition-coverage="50% (1/2)">
                  <conditions>
                    <condition number="9" type="jump" coverage="50%" />
                  </conditions>
                </line>
                <line number="401" hits="45" branch="False" />
                <line number="402" hits="24" branch="False" />
                <line number="405" hits="24" branch="False" />
                <line number="406" hits="24" branch="False" />
                <line number="407" hits="24" branch="False" />
                <line number="408" hits="24" branch="False" />
                <line number="409" hits="24" branch="False" />
                <line number="412" hits="24" branch="False" />
                <line number="413" hits="24" branch="False" />
                <line number="414" hits="24" branch="False" />
                <line number="415" hits="24" branch="False" />
                <line number="416" hits="24" branch="False" />
                <line number="419" hits="168" branch="True" condition-coverage="100% (2/2)">
                  <conditions>
                    <condition number="517" type="jump" coverage="100%" />
                  </conditions>
                </line>
                <line number="420" hits="48" branch="False" />
                <line number="421" hits="48" branch="False" />
                <line number="422" hits="48" branch="False" />
                <line number="423" hits="48" branch="False" />
                <line number="424" hits="48" branch="False" />
                <line number="425" hits="48" branch="False" />
                <line number="426" hits="48" branch="True" condition-coverage="100% (2/2)">
                  <conditions>
                    <condition number="398" type="jump" coverage="100%" />
                  </conditions>
                </line>
                <line number="427" hits="45" branch="False" />
                <line number="428" hits="45" branch="False" />
                <line number="429" hits="45" branch="False" />
                <line number="430" hits="45" branch="False" />
                <line number="432" hits="3" branch="False" />
                <line number="433" hits="3" branch="False" />
                <line number="434" hits="3" branch="False" />
                <line number="435" hits="48" branch="False" />
                <line number="436" hits="48" branch="False" />
                <line number="438" hits="24" branch="False" />
                <line number="439" hits="24" branch="False" />
                <line number="440" hits="24" branch="False" />
                <line number="443" hits="24" branch="False" />
                <line number="444" hits="24" branch="False" />
                <line number="445" hits="24" branch="False" />
                <line number="446" hits="24" branch="False" />
                <line number="447" hits="24" branch="False" />
                <line number="450" hits="24" branch="False" />
                <line number="451" hits="24" branch="False" />
                <line number="452" hits="24" branch="False" />
                <line number="453" hits="24" branch="False" />
                <line number="454" hits="24" branch="False" />
                <line number="455" hits="24" branch="False" />
              </lines>
            </method>
            <method name="GenerateGetHashCode" signature="(System.Text.StringBuilder,System.Collections.Generic.List`1&lt;UnionGenerator.UnionCase&gt;)" line-rate="1" branch-rate="1" complexity="4">
              <lines>
                <line number="461" hits="24" branch="False" />
                <line number="462" hits="24" branch="False" />
                <line number="463" hits="24" branch="False" />
                <line number="465" hits="168" branch="True" condition-coverage="100% (2/2)">
                  <conditions>
                    <condition number="272" type="jump" coverage="100%" />
                  </conditions>
                </line>
                <line number="466" hits="48" branch="False" />
                <line number="467" hits="48" branch="False" />
                <line number="468" hits="48" branch="False" />
                <line number="469" hits="48" branch="False" />
                <line number="470" hits="48" branch="False" />
                <line number="471" hits="48" branch="True" condition-coverage="100% (2/2)">
                  <conditions>
                    <condition number="161" type="jump" coverage="100%" />
                  </conditions>
                </line>
                <line number="472" hits="45" branch="False" />
                <line number="473" hits="45" branch="False" />
                <line number="474" hits="45" branch="False" />
                <line number="476" hits="3" branch="False" />
                <line number="477" hits="3" branch="False" />
                <line number="478" hits="3" branch="False" />
                <line number="479" hits="48" branch="False" />
                <line number="480" hits="48" branch="False" />
                <line number="482" hits="24" branch="False" />
                <line number="483" hits="24" branch="False" />
                <line number="484" hits="24" branch="False" />
                <line number="485" hits="24" branch="False" />
              </lines>
            </method>
            <method name="GenerateToString" signature="(System.Text.StringBuilder,System.Collections.Generic.List`1&lt;UnionGenerator.UnionCase&gt;)" line-rate="1" branch-rate="1" complexity="4">
              <lines>
                <line number="491" hits="24" branch="False" />
                <line number="492" hits="24" branch="False" />
                <line number="493" hits="24" branch="False" />
                <line number="495" hits="168" branch="True" condition-coverage="100% (2/2)">
                  <conditions>
                    <condition number="272" type="jump" coverage="100%" />
                  </conditions>
                </line>
                <line number="496" hits="48" branch="False" />
                <line number="497" hits="48" branch="False" />
                <line number="498" hits="48" branch="False" />
                <line number="499" hits="48" branch="False" />
                <line number="500" hits="48" branch="False" />
                <line number="501" hits="48" branch="True" condition-coverage="100% (2/2)">
                  <conditions>
                    <condition number="161" type="jump" coverage="100%" />
                  </conditions>
                </line>
                <line number="502" hits="45" branch="False" />
                <line number="503" hits="45" branch="False" />
                <line number="504" hits="45" branch="False" />
                <line number="506" hits="3" branch="False" />
                <line number="507" hits="3" branch="False" />
                <line number="508" hits="3" branch="False" />
                <line number="509" hits="48" branch="False" />
                <line number="510" hits="48" branch="False" />
                <line number="512" hits="24" branch="False" />
                <line number="513" hits="24" branch="False" />
                <line number="514" hits="24" branch="False" />
              </lines>
            </method>
            <method name="GetTypeName" signature="(Microsoft.CodeAnalysis.ITypeSymbol)" line-rate="1" branch-rate="1" complexity="1">
              <lines>
                <line number="520" hits="180" branch="False" />
                <line number="521" hits="180" branch="False" />
                <line number="522" hits="180" branch="False" />
              </lines>
            </method>
          </methods>
          <lines>
            <line number="22" hits="24" branch="False" />
            <line number="23" hits="48" branch="False" />
            <line number="24" hits="24" branch="False" />
            <line number="30" hits="24" branch="False" />
            <line number="32" hits="24" branch="False" />
            <line number="33" hits="24" branch="False" />
            <line number="34" hits="24" branch="False" />
            <line number="35" hits="24" branch="False" />
            <line number="36" hits="24" branch="False" />
            <line number="37" hits="24" branch="False" />
            <line number="38" hits="24" branch="False" />
            <line number="39" hits="24" branch="False" />
            <line number="40" hits="24" branch="False" />
            <line number="41" hits="24" branch="False" />
            <line number="43" hits="24" branch="True" condition-coverage="50% (1/2)">
              <conditions>
                <condition number="52" type="jump" coverage="50%" />
              </conditions>
            </line>
            <line number="44" hits="0" branch="False" />
            <line number="45" hits="0" branch="False" />
            <line number="48" hits="120" branch="True" condition-coverage="100% (2/2)">
              <conditions>
                <condition number="324" type="jump" coverage="100%" />
              </conditions>
            </line>
            <line number="49" hits="24" branch="False" />
            <line number="51" hits="24" branch="False" />
            <line number="52" hits="24" branch="False" />
            <line number="53" hits="24" branch="False" />
            <line number="55" hits="24" branch="True" condition-coverage="50% (1/2)">
              <conditions>
                <condition number="138" type="jump" coverage="50%" />
              </conditions>
            </line>
            <line number="56" hits="0" branch="False" />
            <line number="57" hits="0" branch="False" />
            <line number="61" hits="24" branch="False" />
            <line number="63" hits="24" branch="True" condition-coverage="50% (1/2)">
              <conditions>
                <condition number="172" type="jump" coverage="50%" />
              </conditions>
            </line>
            <line number="64" hits="0" branch="False" />
            <line number="66" hits="0" branch="False" />
            <line number="70" hits="24" branch="False" />
            <line number="73" hits="24" branch="False" />
            <line number="74" hits="24" branch="False" />
            <line number="75" hits="24" branch="False" />
            <line number="76" hits="0" branch="False" />
            <line number="77" hits="0" branch="False" />
            <line number="79" hits="0" branch="False" />
            <line number="80" hits="0" branch="False" />
            <line number="81" hits="0" branch="False" />
            <line number="82" hits="0" branch="False" />
            <line number="83" hits="0" branch="False" />
            <line number="84" hits="0" branch="False" />
            <line number="85" hits="0" branch="False" />
            <line number="87" hits="0" branch="False" />
            <line number="88" hits="0" branch="False" />
            <line number="89" hits="24" branch="False" />
            <line number="90" hits="24" branch="False" />
            <line number="96" hits="24" branch="False" />
            <line number="97" hits="24" branch="False" />
            <line number="100" hits="24" branch="False" />
            <line number="101" hits="24" branch="False" />
            <line number="102" hits="96" branch="True" condition-coverage="100% (4/4)">
              <conditions>
                <condition number="6" type="jump" coverage="100%" />
                <condition number="30" type="jump" coverage="100%" />
              </conditions>
            </line>
            <line number="103" hits="96" branch="False" />
            <line number="104" hits="96" branch="False" />
            <line number="106" hits="168" branch="True" condition-coverage="100% (2/2)">
              <conditions>
                <condition number="249" type="jump" coverage="100%" />
              </conditions>
            </line>
            <line number="107" hits="48" branch="False" />
            <line number="109" hits="48" branch="True" condition-coverage="50% (1/2)">
              <conditions>
                <condition number="104" type="jump" coverage="50%" />
              </conditions>
            </line>
            <line number="110" hits="0" branch="False" />
            <line number="111" hits="0" branch="False" />
            <line number="114" hits="48" branch="False" />
            <line number="115" hits="48" branch="False" />
            <line number="116" hits="48" branch="False" />
            <line number="118" hits="48" branch="True" condition-coverage="100% (2/2)">
              <conditions>
                <condition number="150" type="jump" coverage="100%" />
              </conditions>
            </line>
            <line number="119" hits="45" branch="False" />
            <line number="120" hits="45" branch="False" />
            <line number="121" hits="45" branch="False" />
            <line number="122" hits="45" branch="False" />
            <line number="124" hits="48" branch="False" />
            <line number="125" hits="48" branch="False" />
            <line number="126" hits="48" branch="False" />
            <line number="127" hits="48" branch="False" />
            <line number="128" hits="48" branch="False" />
            <line number="129" hits="48" branch="False" />
            <line number="130" hits="48" branch="False" />
            <line number="132" hits="24" branch="False" />
            <line number="133" hits="24" branch="False" />
            <line number="139" hits="24" branch="False" />
            <line number="140" hits="24" branch="False" />
            <line number="141" hits="24" branch="False" />
            <line number="142" hits="24" branch="False" />
            <line number="143" hits="24" branch="False" />
            <line number="146" hits="24" branch="False" />
            <line number="147" hits="24" branch="False" />
            <line number="150" hits="24" branch="True" condition-coverage="100% (2/2)">
              <conditions>
                <condition number="66" type="jump" coverage="100%" />
              </conditions>
            </line>
            <line number="151" hits="24" branch="False" />
            <line number="152" hits="24" branch="False" />
            <line number="153" hits="24" branch="False" />
            <line number="154" hits="24" branch="False" />
            <line number="157" hits="24" branch="True" condition-coverage="50% (1/2)">
              <conditions>
                <condition number="114" type="jump" coverage="50%" />
              </conditions>
            </line>
            <line number="158" hits="24" branch="False" />
            <line number="159" hits="69" branch="False" />
            <line number="160" hits="24" branch="False" />
            <line number="161" hits="24" branch="False" />
            <line number="163" hits="0" branch="False" />
            <line number="164" hits="0" branch="False" />
            <line number="165" hits="0" branch="False" />
            <line number="167" hits="24" branch="False" />
            <line number="170" hits="168" branch="True" condition-coverage="100% (2/2)">
              <conditions>
                <condition number="293" type="jump" coverage="100%" />
              </conditions>
            </line>
            <line number="171" hits="48" branch="False" />
            <line number="172" hits="48" branch="False" />
            <line number="173" hits="48" branch="False" />
            <line number="176" hits="24" branch="False" />
            <line number="179" hits="24" branch="False" />
            <line number="182" hits="24" branch="False" />
            <line number="185" hits="24" branch="False" />
            <line number="188" hits="24" branch="False" />
            <line number="191" hits="24" branch="False" />
            <line number="193" hits="24" branch="False" />
            <line number="195" hits="24" branch="True" condition-coverage="100% (2/2)">
              <conditions>
                <condition number="395" type="jump" coverage="100%" />
              </conditions>
            </line>
            <line number="196" hits="24" branch="False" />
            <line number="197" hits="24" branch="False" />
            <line number="198" hits="24" branch="False" />
            <line number="200" hits="24" branch="False" />
            <line number="201" hits="24" branch="False" />
            <line number="211" hits="48" branch="False" />
            <line number="212" hits="48" branch="False" />
            <line number="216" hits="48" branch="True" condition-coverage="50% (1/2)">
              <conditions>
                <condition number="30" type="jump" coverage="50%" />
              </conditions>
            </line>
            <line number="217" hits="48" branch="False" />
            <line number="218" hits="138" branch="False" />
            <line number="219" hits="48" branch="False" />
            <line number="220" hits="48" branch="False" />
            <line number="222" hits="0" branch="False" />
            <line number="223" hits="0" branch="False" />
            <line number="224" hits="0" branch="False" />
            <line number="226" hits="48" branch="False" />
            <line number="228" hits="48" branch="True" condition-coverage="100% (2/2)">
              <conditions>
                <condition number="206" type="jump" coverage="100%" />
              </conditions>
            </line>
            <line number="229" hits="45" branch="False" />
            <line number="231" hits="45" branch="False" />
            <line number="232" hits="45" branch="False" />
            <line number="233" hits="45" branch="False" />
            <line number="236" hits="45" branch="False" />
            <line number="237" hits="45" branch="False" />
            <line number="238" hits="45" branch="False" />
            <line number="239" hits="45" branch="False" />
            <line number="240" hits="45" branch="False" />
            <line number="242" hits="3" branch="False" />
            <line number="244" hits="3" branch="False" />
            <line number="245" hits="3" branch="False" />
            <line number="246" hits="3" branch="False" />
            <line number="247" hits="3" branch="False" />
            <line number="249" hits="48" branch="False" />
            <line number="250" hits="48" branch="False" />
            <line number="251" hits="48" branch="False" />
            <line number="257" hits="24" branch="False" />
            <line number="258" hits="168" branch="True" condition-coverage="100% (2/2)">
              <conditions>
                <condition number="112" type="jump" coverage="100%" />
              </conditions>
            </line>
            <line number="259" hits="48" branch="False" />
            <line number="260" hits="48" branch="False" />
            <line number="261" hits="48" branch="False" />
            <line number="263" hits="48" branch="False" />
            <line number="264" hits="48" branch="False" />
            <line number="265" hits="24" branch="False" />
            <line number="275" hits="24" branch="False" />
            <line number="277" hits="24" branch="True" condition-coverage="100% (2/2)">
              <conditions>
                <condition number="12" type="jump" coverage="100%" />
              </conditions>
            </line>
            <line number="278" hits="24" branch="False" />
            <line number="279" hits="24" branch="False" />
            <line number="280" hits="24" branch="False" />
            <line number="283" hits="24" branch="True" condition-coverage="100% (2/2)">
              <conditions>
                <condition number="45" type="jump" coverage="100%" />
              </conditions>
            </line>
            <line number="284" hits="24" branch="False" />
            <line number="285" hits="24" branch="False" />
            <line number="286" hits="24" branch="False" />
            <line number="289" hits="24" branch="True" condition-coverage="50% (1/2)">
              <conditions>
                <condition number="94" type="jump" coverage="50%" />
              </conditions>
            </line>
            <line number="290" hits="24" branch="False" />
            <line number="291" hits="24" branch="False" />
            <line number="293" hits="24" branch="False" />
            <line number="294" hits="24" branch="False" />
            <line number="295" hits="24" branch="False" />
            <line number="296" hits="24" branch="False" />
            <line number="297" hits="24" branch="False" />
            <line number="298" hits="24" branch="False" />
            <line number="299" hits="24" branch="False" />
            <line number="300" hits="24" branch="False" />
            <line number="301" hits="24" branch="False" />
            <line number="304" hits="24" branch="True" condition-coverage="100% (2/2)">
              <conditions>
                <condition number="271" type="jump" coverage="100%" />
              </conditions>
            </line>
            <line number="305" hits="21" branch="False" />
            <line number="306" hits="21" branch="False" />
            <line number="307" hits="21" branch="False" />
            <line number="310" hits="21" branch="True" condition-coverage="50% (1/2)">
              <conditions>
                <condition number="320" type="jump" coverage="50%" />
              </conditions>
            </line>
            <line number="311" hits="21" branch="False" />
            <line number="312" hits="21" branch="False" />
            <line number="315" hits="21" branch="False" />
            <line number="316" hits="21" branch="False" />
            <line number="317" hits="21" branch="False" />
            <line number="318" hits="21" branch="False" />
            <line number="319" hits="21" branch="False" />
            <line number="320" hits="21" branch="False" />
            <line number="321" hits="21" branch="False" />
            <line number="322" hits="21" branch="False" />
            <line number="323" hits="21" branch="False" />
            <line number="324" hits="21" branch="False" />
            <line number="325" hits="24" branch="False" />
            <line number="326" hits="24" branch="False" />
            <line number="335" hits="24" branch="False" />
            <line number="336" hits="24" branch="True" condition-coverage="50% (1/2)">
              <conditions>
                <condition number="12" type="jump" coverage="50%" />
              </conditions>
            </line>
            <line number="337" hits="0" branch="False" />
            <line number="338" hits="0" branch="False" />
            <line number="342" hits="24" branch="False" />
            <line number="345" hits="24" branch="False" />
            <line number="346" hits="168" branch="True" condition-coverage="100% (2/2)">
              <conditions>
                <condition number="171" type="jump" coverage="100%" />
              </conditions>
            </line>
            <line number="347" hits="48" branch="False" />
            <line number="348" hits="48" branch="True" condition-coverage="100% (2/2)">
              <conditions>
                <condition number="70" type="jump" coverage="100%" />
              </conditions>
            </line>
            <line number="349" hits="45" branch="False" />
            <line number="350" hits="45" branch="False" />
            <line number="351" hits="45" branch="False" />
            <line number="352" hits="45" branch="False" />
            <line number="353" hits="45" branch="False" />
            <line number="355" hits="3" branch="False" />
            <line number="356" hits="3" branch="False" />
            <line number="357" hits="3" branch="False" />
            <line number="358" hits="3" branch="False" />
            <line number="359" hits="48" branch="False" />
            <line number="361" hits="24" branch="False" />
            <line number="362" hits="24" branch="False" />
            <line number="363" hits="24" branch="False" />
            <line number="366" hits="168" branch="True" condition-coverage="100% (2/2)">
              <conditions>
                <condition number="522" type="jump" coverage="100%" />
              </conditions>
            </line>
            <line number="367" hits="48" branch="False" />
            <line number="368" hits="48" branch="False" />
            <line number="369" hits="48" branch="False" />
            <line number="371" hits="48" branch="True" condition-coverage="100% (2/2)">
              <conditions>
                <condition number="303" type="jump" coverage="100%" />
              </conditions>
            </line>
            <line number="372" hits="45" branch="False" />
            <line number="373" hits="45" branch="False" />
            <line number="374" hits="45" branch="False" />
            <line number="375" hits="45" branch="False" />
            <line number="376" hits="45" branch="False" />
            <line number="377" hits="45" branch="False" />
            <line number="379" hits="3" branch="False" />
            <line number="380" hits="3" branch="False" />
            <line number="381" hits="3" branch="False" />
            <line number="382" hits="3" branch="False" />
            <line number="383" hits="3" branch="False" />
            <line number="384" hits="3" branch="False" />
            <line number="385" hits="48" branch="False" />
            <line number="387" hits="24" branch="False" />
            <line number="388" hits="24" branch="False" />
            <line number="389" hits="24" branch="False" />
            <line number="399" hits="24" branch="False" />
            <line number="400" hits="24" branch="True" condition-coverage="50% (1/2)">
              <conditions>
                <condition number="9" type="jump" coverage="50%" />
              </conditions>
            </line>
            <line number="401" hits="45" branch="False" />
            <line number="402" hits="24" branch="False" />
            <line number="405" hits="24" branch="False" />
            <line number="406" hits="24" branch="False" />
            <line number="407" hits="24" branch="False" />
            <line number="408" hits="24" branch="False" />
            <line number="409" hits="24" branch="False" />
            <line number="412" hits="24" branch="False" />
            <line number="413" hits="24" branch="False" />
            <line number="414" hits="24" branch="False" />
            <line number="415" hits="24" branch="False" />
            <line number="416" hits="24" branch="False" />
            <line number="419" hits="168" branch="True" condition-coverage="100% (2/2)">
              <conditions>
                <condition number="517" type="jump" coverage="100%" />
              </conditions>
            </line>
            <line number="420" hits="48" branch="False" />
            <line number="421" hits="48" branch="False" />
            <line number="422" hits="48" branch="False" />
            <line number="423" hits="48" branch="False" />
            <line number="424" hits="48" branch="False" />
            <line number="425" hits="48" branch="False" />
            <line number="426" hits="48" branch="True" condition-coverage="100% (2/2)">
              <conditions>
                <condition number="398" type="jump" coverage="100%" />
              </conditions>
            </line>
            <line number="427" hits="45" branch="False" />
            <line number="428" hits="45" branch="False" />
            <line number="429" hits="45" branch="False" />
            <line number="430" hits="45" branch="False" />
            <line number="432" hits="3" branch="False" />
            <line number="433" hits="3" branch="False" />
            <line number="434" hits="3" branch="False" />
            <line number="435" hits="48" branch="False" />
            <line number="436" hits="48" branch="False" />
            <line number="438" hits="24" branch="False" />
            <line number="439" hits="24" branch="False" />
            <line number="440" hits="24" branch="False" />
            <line number="443" hits="24" branch="False" />
            <line number="444" hits="24" branch="False" />
            <line number="445" hits="24" branch="False" />
            <line number="446" hits="24" branch="False" />
            <line number="447" hits="24" branch="False" />
            <line number="450" hits="24" branch="False" />
            <line number="451" hits="24" branch="False" />
            <line number="452" hits="24" branch="False" />
            <line number="453" hits="24" branch="False" />
            <line number="454" hits="24" branch="False" />
            <line number="455" hits="24" branch="False" />
            <line number="461" hits="24" branch="False" />
            <line number="462" hits="24" branch="False" />
            <line number="463" hits="24" branch="False" />
            <line number="465" hits="168" branch="True" condition-coverage="100% (2/2)">
              <conditions>
                <condition number="272" type="jump" coverage="100%" />
              </conditions>
            </line>
            <line number="466" hits="48" branch="False" />
            <line number="467" hits="48" branch="False" />
            <line number="468" hits="48" branch="False" />
            <line number="469" hits="48" branch="False" />
            <line number="470" hits="48" branch="False" />
            <line number="471" hits="48" branch="True" condition-coverage="100% (2/2)">
              <conditions>
                <condition number="161" type="jump" coverage="100%" />
              </conditions>
            </line>
            <line number="472" hits="45" branch="False" />
            <line number="473" hits="45" branch="False" />
            <line number="474" hits="45" branch="False" />
            <line number="476" hits="3" branch="False" />
            <line number="477" hits="3" branch="False" />
            <line number="478" hits="3" branch="False" />
            <line number="479" hits="48" branch="False" />
            <line number="480" hits="48" branch="False" />
            <line number="482" hits="24" branch="False" />
            <line number="483" hits="24" branch="False" />
            <line number="484" hits="24" branch="False" />
            <line number="485" hits="24" branch="False" />
            <line number="491" hits="24" branch="False" />
            <line number="492" hits="24" branch="False" />
            <line number="493" hits="24" branch="False" />
            <line number="495" hits="168" branch="True" condition-coverage="100% (2/2)">
              <conditions>
                <condition number="272" type="jump" coverage="100%" />
              </conditions>
            </line>
            <line number="496" hits="48" branch="False" />
            <line number="497" hits="48" branch="False" />
            <line number="498" hits="48" branch="False" />
            <line number="499" hits="48" branch="False" />
            <line number="500" hits="48" branch="False" />
            <line number="501" hits="48" branch="True" condition-coverage="100% (2/2)">
              <conditions>
                <condition number="161" type="jump" coverage="100%" />
              </conditions>
            </line>
            <line number="502" hits="45" branch="False" />
            <line number="503" hits="45" branch="False" />
            <line number="504" hits="45" branch="False" />
            <line number="506" hits="3" branch="False" />
            <line number="507" hits="3" branch="False" />
            <line number="508" hits="3" branch="False" />
            <line number="509" hits="48" branch="False" />
            <line number="510" hits="48" branch="False" />
            <line number="512" hits="24" branch="False" />
            <line number="513" hits="24" branch="False" />
            <line number="514" hits="24" branch="False" />
            <line number="520" hits="180" branch="False" />
            <line number="521" hits="180" branch="False" />
            <line number="522" hits="180" branch="False" />
          </lines>
        </class>
        <class name="UnionGenerator.UnionCase" filename="UnionGenerator.cs" line-rate="1" branch-rate="1" complexity="3">
          <methods>
            <method name="get_Name" signature="()" line-rate="1" branch-rate="1" complexity="1">
              <lines>
                <line number="533" hits="882" branch="False" />
              </lines>
            </method>
            <method name="get_ValueType" signature="()" line-rate="1" branch-rate="1" complexity="1">
              <lines>
                <line number="538" hits="609" branch="False" />
              </lines>
            </method>
            <method name="get_ValueName" signature="()" line-rate="1" branch-rate="1" complexity="1">
              <lines>
                <line number="543" hits="48" branch="False" />
              </lines>
            </method>
          </methods>
          <lines>
            <line number="533" hits="882" branch="False" />
            <line number="538" hits="609" branch="False" />
            <line number="543" hits="48" branch="False" />
          </lines>
        </class>
        <class name="UnionGenerator.UnionSyntaxReceiver" filename="UnionSyntaxReceiver.cs" line-rate="1" branch-rate="1" complexity="5">
          <methods>
            <method name="get_UnionClasses" signature="()" line-rate="1" branch-rate="1" complexity="1">
              <lines>
                <line number="16" hits="72" branch="False" />
              </lines>
            </method>
            <method name="OnVisitSyntaxNode" signature="(Microsoft.CodeAnalysis.SyntaxNode)" line-rate="1" branch-rate="1" complexity="4">
              <lines>
                <line number="22" hits="989" branch="False" />
                <line number="24" hits="989" branch="True" condition-coverage="100% (2/2)">
                  <conditions>
                    <condition number="17" type="jump" coverage="100%" />
                  </conditions>
                </line>
                <line number="25" hits="965" branch="False" />
                <line number="26" hits="965" branch="False" />
                <line number="30" hits="24" branch="False" />
                <line number="31" hits="24" branch="False" />
                <line number="32" hits="24" branch="False" />
                <line number="33" hits="24" branch="False" />
                <line number="34" hits="24" branch="False" />
                <line number="35" hits="24" branch="False" />
                <line number="36" hits="24" branch="False" />
                <line number="37" hits="48" branch="False" />
                <line number="39" hits="24" branch="True" condition-coverage="100% (2/2)">
                  <conditions>
                    <condition number="109" type="jump" coverage="100%" />
                  </conditions>
                </line>
                <line number="40" hits="24" branch="False" />
                <line number="41" hits="24" branch="False" />
                <line number="42" hits="24" branch="False" />
                <line number="43" hits="989" branch="False" />
              </lines>
            </method>
          </methods>
          <lines>
            <line number="16" hits="72" branch="False" />
            <line number="22" hits="989" branch="False" />
            <line number="24" hits="989" branch="True" condition-coverage="100% (2/2)">
              <conditions>
                <condition number="17" type="jump" coverage="100%" />
              </conditions>
            </line>
            <line number="25" hits="965" branch="False" />
            <line number="26" hits="965" branch="False" />
            <line number="30" hits="24" branch="False" />
            <line number="31" hits="24" branch="False" />
            <line number="32" hits="24" branch="False" />
            <line number="33" hits="24" branch="False" />
            <line number="34" hits="24" branch="False" />
            <line number="35" hits="24" branch="False" />
            <line number="36" hits="24" branch="False" />
            <line number="37" hits="48" branch="False" />
            <line number="39" hits="24" branch="True" condition-coverage="100% (2/2)">
              <conditions>
                <condition number="109" type="jump" coverage="100%" />
              </conditions>
            </line>
            <line number="40" hits="24" branch="False" />
            <line number="41" hits="24" branch="False" />
            <line number="42" hits="24" branch="False" />
            <line number="43" hits="989" branch="False" />
          </lines>
        </class>
      </classes>
    </package>
  </packages>
</coverage>